2023-07-08 16:30:15.694 +05:30  INF  Now listening on: https://localhost:7234
2023-07-08 16:30:15.707 +05:30  INF  Now listening on: http://localhost:5234
2023-07-08 16:30:15.710 +05:30  INF  Application started. Press Ctrl+C to shut down.
2023-07-08 16:30:15.710 +05:30  INF  Hosting environment: Development
2023-07-08 16:30:15.710 +05:30  INF  Content root path: C:\D Drive\pradheep project\angular projects\github\Food-App-Api\foodDeliveryApi\
2023-07-08 16:32:10.703 +05:30  INF  RestaurentController GetRestaurentInformation Function entered
2023-07-08 16:32:11.226 +05:30  INF  RestaurentController  GetRestaurentInformation Function exited
2023-07-08 16:42:04.810 +05:30  INF  RestaurentController GetRestaurentInformation Function entered
2023-07-08 16:42:04.893 +05:30  INF  RestaurentController  GetRestaurentInformation Function exited
2023-07-08 16:42:32.358 +05:30  INF  RestaurentController GetRestaurentInformation Function entered
2023-07-08 16:42:32.399 +05:30  INF  RestaurentController  GetRestaurentInformation Function exited
2023-07-08 16:42:38.980 +05:30  INF  RestaurentController GetRestaurentInformation Function entered
2023-07-08 16:42:38.991 +05:30  INF  RestaurentController  GetRestaurentInformation Function exited
2023-07-08 16:42:46.834 +05:30  ERR  An unhandled exception has occurred while executing the request.System.Exception: Object reference not set to an instance of an object.
   at foodDeliveryApi.Controllers.RestaurentController.UpdateRestaurentInformation(RestaurentInformation restaurentInformation) in C:\D Drive\pradheep project\angular projects\github\Food-App-Api\foodDeliveryApi\Controllers\RestaurentController.cs:line 102
   at lambda_method11(Closure , Object , Object[] )
   at Microsoft.AspNetCore.Mvc.Infrastructure.ActionMethodExecutor.SyncActionResultExecutor.Execute(IActionResultTypeMapper mapper, ObjectMethodExecutor executor, Object controller, Object[] arguments)
   at Microsoft.AspNetCore.Mvc.Infrastructure.ControllerActionInvoker.InvokeActionMethodAsync()
   at Microsoft.AspNetCore.Mvc.Infrastructure.ControllerActionInvoker.Next(State& next, Scope& scope, Object& state, Boolean& isCompleted)
   at Microsoft.AspNetCore.Mvc.Infrastructure.ControllerActionInvoker.InvokeNextActionFilterAsync()
--- End of stack trace from previous location ---
   at Microsoft.AspNetCore.Mvc.Infrastructure.ControllerActionInvoker.Rethrow(ActionExecutedContextSealed context)
   at Microsoft.AspNetCore.Mvc.Infrastructure.ControllerActionInvoker.Next(State& next, Scope& scope, Object& state, Boolean& isCompleted)
   at Microsoft.AspNetCore.Mvc.Infrastructure.ControllerActionInvoker.InvokeInnerFilterAsync()
--- End of stack trace from previous location ---
   at Microsoft.AspNetCore.Mvc.Infrastructure.ResourceInvoker.<InvokeFilterPipelineAsync>g__Awaited|20_0(ResourceInvoker invoker, Task lastTask, State next, Scope scope, Object state, Boolean isCompleted)
   at Microsoft.AspNetCore.Mvc.Infrastructure.ResourceInvoker.<InvokeAsync>g__Awaited|17_0(ResourceInvoker invoker, Task task, IDisposable scope)
   at Microsoft.AspNetCore.Mvc.Infrastructure.ResourceInvoker.<InvokeAsync>g__Awaited|17_0(ResourceInvoker invoker, Task task, IDisposable scope)
   at Microsoft.AspNetCore.Routing.EndpointMiddleware.<Invoke>g__AwaitRequestTask|6_0(Endpoint endpoint, Task requestTask, ILogger logger)
   at Microsoft.AspNetCore.Authorization.AuthorizationMiddleware.Invoke(HttpContext context)
   at Swashbuckle.AspNetCore.SwaggerUI.SwaggerUIMiddleware.Invoke(HttpContext httpContext)
   at Swashbuckle.AspNetCore.Swagger.SwaggerMiddleware.Invoke(HttpContext httpContext, ISwaggerProvider swaggerProvider)
   at Microsoft.AspNetCore.Diagnostics.DeveloperExceptionPageMiddleware.Invoke(HttpContext context)

2023-07-08 16:46:22.062 +05:30  INF  RestaurentController GetRestaurentInformation Function entered
2023-07-08 16:46:22.072 +05:30  INF  RestaurentController  GetRestaurentInformation Function exited
2023-07-08 16:46:31.109 +05:30  INF  Now listening on: https://localhost:7234
2023-07-08 16:46:31.122 +05:30  INF  Now listening on: http://localhost:5234
2023-07-08 16:46:31.125 +05:30  INF  Application started. Press Ctrl+C to shut down.
2023-07-08 16:46:31.125 +05:30  INF  Hosting environment: Development
2023-07-08 16:46:31.125 +05:30  INF  Content root path: C:\D Drive\pradheep project\angular projects\github\Food-App-Api\foodDeliveryApi\
2023-07-08 16:46:49.897 +05:30  INF  RestaurentController GetRestaurentInformation Function entered
2023-07-08 16:46:49.925 +05:30  INF  RestaurentController  GetRestaurentInformation Function exited
2023-07-08 16:46:51.725 +05:30  INF  RestaurentController GetRestaurentInformation Function entered
2023-07-08 16:46:51.738 +05:30  INF  RestaurentController  GetRestaurentInformation Function exited
2023-07-08 16:48:55.785 +05:30  INF  RestaurentController GetRestaurentInformation Function entered
2023-07-08 16:48:55.812 +05:30  INF  RestaurentController  GetRestaurentInformation Function exited
2023-07-08 16:48:56.267 +05:30  INF  RestaurentController GetRestaurentInformation Function entered
2023-07-08 16:48:56.280 +05:30  INF  RestaurentController  GetRestaurentInformation Function exited
2023-07-08 16:48:56.556 +05:30  INF  RestaurentController GetRestaurentInformation Function entered
2023-07-08 16:48:56.567 +05:30  INF  RestaurentController  GetRestaurentInformation Function exited
2023-07-08 16:48:58.962 +05:30  INF  RestaurentController GetRestaurentInformation Function entered
2023-07-08 16:48:58.977 +05:30  INF  RestaurentController  GetRestaurentInformation Function exited
2023-07-08 16:49:44.839 +05:30  INF  RestaurentController GetRestaurentInformation Function entered
2023-07-08 16:49:44.852 +05:30  INF  RestaurentController  GetRestaurentInformation Function exited
2023-07-08 16:50:32.996 +05:30  INF  RestaurentController GetRestaurentInformation Function entered
2023-07-08 16:50:33.092 +05:30  INF  RestaurentController  GetRestaurentInformation Function exited
2023-07-08 16:50:33.503 +05:30  INF  RestaurentController GetRestaurentInformation Function entered
2023-07-08 16:50:33.519 +05:30  INF  RestaurentController  GetRestaurentInformation Function exited
2023-07-08 16:50:34.198 +05:30  INF  RestaurentController GetRestaurentInformation Function entered
2023-07-08 16:50:34.209 +05:30  INF  RestaurentController  GetRestaurentInformation Function exited
2023-07-08 16:50:38.424 +05:30  INF  RestaurentController GetRestaurentInformation Function entered
2023-07-08 16:50:38.439 +05:30  INF  RestaurentController  GetRestaurentInformation Function exited
2023-07-08 16:51:19.960 +05:30  INF  RestaurentController GetRestaurentInformation Function entered
2023-07-08 16:51:20.015 +05:30  INF  RestaurentController  GetRestaurentInformation Function exited
2023-07-08 16:51:20.407 +05:30  INF  RestaurentController GetRestaurentInformation Function entered
2023-07-08 16:51:20.476 +05:30  INF  RestaurentController  GetRestaurentInformation Function exited
2023-07-08 16:51:21.643 +05:30  INF  RestaurentController GetRestaurentInformation Function entered
2023-07-08 16:51:21.653 +05:30  INF  RestaurentController  GetRestaurentInformation Function exited
2023-07-08 16:51:23.600 +05:30  INF  RestaurentController GetRestaurentInformation Function entered
2023-07-08 16:51:23.621 +05:30  INF  RestaurentController  GetRestaurentInformation Function exited
2023-07-08 16:51:28.479 +05:30  INF  RestaurentController GetRestaurentInformation Function entered
2023-07-08 16:51:28.492 +05:30  INF  RestaurentController  GetRestaurentInformation Function exited
2023-07-08 16:51:37.338 +05:30  INF  RestaurentController GetRestaurentInformation Function entered
2023-07-08 16:51:37.354 +05:30  INF  RestaurentController  GetRestaurentInformation Function exited
2023-07-08 16:53:38.038 +05:30  INF  RestaurentController GetRestaurentInformation Function entered
2023-07-08 16:53:38.050 +05:30  INF  RestaurentController  GetRestaurentInformation Function exited
2023-07-08 16:55:06.476 +05:30  INF  Now listening on: https://localhost:7234
2023-07-08 16:55:06.489 +05:30  INF  Now listening on: http://localhost:5234
2023-07-08 16:55:06.492 +05:30  INF  Application started. Press Ctrl+C to shut down.
2023-07-08 16:55:06.492 +05:30  INF  Hosting environment: Development
2023-07-08 16:55:06.492 +05:30  INF  Content root path: C:\D Drive\pradheep project\angular projects\github\Food-App-Api\foodDeliveryApi\
2023-07-08 16:57:08.689 +05:30  INF  Now listening on: https://localhost:7234
2023-07-08 16:57:08.705 +05:30  INF  Now listening on: http://localhost:5234
2023-07-08 16:57:08.707 +05:30  INF  Application started. Press Ctrl+C to shut down.
2023-07-08 16:57:08.708 +05:30  INF  Hosting environment: Development
2023-07-08 16:57:08.708 +05:30  INF  Content root path: C:\D Drive\pradheep project\angular projects\github\Food-App-Api\foodDeliveryApi\
2023-07-08 16:57:18.289 +05:30  INF  RestaurentController GetRestaurentInformation Function entered
2023-07-08 16:57:18.599 +05:30  INF  RestaurentController  GetRestaurentInformation Function exited
2023-07-08 16:58:04.152 +05:30  INF  RestaurentController GetRestaurentInformation Function entered
2023-07-08 16:58:04.163 +05:30  INF  RestaurentController  GetRestaurentInformation Function exited
2023-07-08 17:00:54.550 +05:30  INF  RestaurentController GetRestaurentInformation Function entered
2023-07-08 17:00:54.568 +05:30  INF  RestaurentController  GetRestaurentInformation Function exited
2023-07-08 17:01:26.428 +05:30  INF  RestaurentController GetRestaurentInformation Function entered
2023-07-08 17:01:26.474 +05:30  INF  RestaurentController  GetRestaurentInformation Function exited
2023-07-08 17:02:07.500 +05:30  INF  RestaurentController GetRestaurentInformation Function entered
2023-07-08 17:02:07.552 +05:30  INF  RestaurentController  GetRestaurentInformation Function exited
2023-07-08 17:02:08.265 +05:30  INF  RestaurentController GetRestaurentInformation Function entered
2023-07-08 17:02:08.284 +05:30  INF  RestaurentController  GetRestaurentInformation Function exited
2023-07-08 17:02:15.422 +05:30  INF  RestaurentController GetRestaurentInformation Function entered
2023-07-08 17:02:15.442 +05:30  INF  RestaurentController  GetRestaurentInformation Function exited
2023-07-08 17:02:17.777 +05:30  INF  RestaurentController GetRestaurentInformation Function entered
2023-07-08 17:02:17.808 +05:30  INF  RestaurentController  GetRestaurentInformation Function exited
2023-07-08 17:02:18.653 +05:30  INF  RestaurentController GetRestaurentInformation Function entered
2023-07-08 17:02:18.674 +05:30  INF  RestaurentController  GetRestaurentInformation Function exited
2023-07-08 17:02:19.369 +05:30  INF  RestaurentController GetRestaurentInformation Function entered
2023-07-08 17:02:19.397 +05:30  INF  RestaurentController  GetRestaurentInformation Function exited
2023-07-08 17:02:19.502 +05:30  INF  RestaurentController GetRestaurentInformation Function entered
2023-07-08 17:02:19.515 +05:30  INF  RestaurentController  GetRestaurentInformation Function exited
2023-07-08 17:02:19.661 +05:30  INF  RestaurentController GetRestaurentInformation Function entered
2023-07-08 17:02:19.683 +05:30  INF  RestaurentController  GetRestaurentInformation Function exited
2023-07-08 17:02:19.811 +05:30  INF  RestaurentController GetRestaurentInformation Function entered
2023-07-08 17:02:19.834 +05:30  INF  RestaurentController  GetRestaurentInformation Function exited
2023-07-08 17:02:19.957 +05:30  INF  RestaurentController GetRestaurentInformation Function entered
2023-07-08 17:02:19.984 +05:30  INF  RestaurentController  GetRestaurentInformation Function exited
2023-07-08 17:02:20.099 +05:30  INF  RestaurentController GetRestaurentInformation Function entered
2023-07-08 17:02:20.125 +05:30  INF  RestaurentController  GetRestaurentInformation Function exited
2023-07-08 17:02:20.252 +05:30  INF  RestaurentController GetRestaurentInformation Function entered
2023-07-08 17:02:20.279 +05:30  INF  RestaurentController  GetRestaurentInformation Function exited
2023-07-08 17:02:41.507 +05:30  INF  RestaurentController GetRestaurentInformation Function entered
2023-07-08 17:02:41.549 +05:30  INF  RestaurentController  GetRestaurentInformation Function exited
2023-07-08 17:02:42.877 +05:30  INF  RestaurentController GetRestaurentInformation Function entered
2023-07-08 17:02:42.896 +05:30  INF  RestaurentController  GetRestaurentInformation Function exited
2023-07-08 17:03:09.575 +05:30  INF  RestaurentController GetRestaurentInformation Function entered
2023-07-08 17:03:09.590 +05:30  INF  RestaurentController  GetRestaurentInformation Function exited
2023-07-08 17:03:37.508 +05:30  ERR  An unhandled exception has occurred while executing the request.System.Exception: The input is not a valid Base-64 string as it contains a non-base 64 character, more than two padding characters, or an illegal character among the padding characters.
   at foodDeliveryApi.Controllers.RestaurentController.UpdateFood(UpdateFood food) in C:\D Drive\pradheep project\angular projects\github\Food-App-Api\foodDeliveryApi\Controllers\RestaurentController.cs:line 57
   at lambda_method13(Closure , Object , Object[] )
   at Microsoft.AspNetCore.Mvc.Infrastructure.ActionMethodExecutor.SyncActionResultExecutor.Execute(IActionResultTypeMapper mapper, ObjectMethodExecutor executor, Object controller, Object[] arguments)
   at Microsoft.AspNetCore.Mvc.Infrastructure.ControllerActionInvoker.InvokeActionMethodAsync()
   at Microsoft.AspNetCore.Mvc.Infrastructure.ControllerActionInvoker.Next(State& next, Scope& scope, Object& state, Boolean& isCompleted)
   at Microsoft.AspNetCore.Mvc.Infrastructure.ControllerActionInvoker.InvokeNextActionFilterAsync()
--- End of stack trace from previous location ---
   at Microsoft.AspNetCore.Mvc.Infrastructure.ControllerActionInvoker.Rethrow(ActionExecutedContextSealed context)
   at Microsoft.AspNetCore.Mvc.Infrastructure.ControllerActionInvoker.Next(State& next, Scope& scope, Object& state, Boolean& isCompleted)
   at Microsoft.AspNetCore.Mvc.Infrastructure.ControllerActionInvoker.InvokeInnerFilterAsync()
--- End of stack trace from previous location ---
   at Microsoft.AspNetCore.Mvc.Infrastructure.ResourceInvoker.<InvokeFilterPipelineAsync>g__Awaited|20_0(ResourceInvoker invoker, Task lastTask, State next, Scope scope, Object state, Boolean isCompleted)
   at Microsoft.AspNetCore.Mvc.Infrastructure.ResourceInvoker.<InvokeAsync>g__Awaited|17_0(ResourceInvoker invoker, Task task, IDisposable scope)
   at Microsoft.AspNetCore.Mvc.Infrastructure.ResourceInvoker.<InvokeAsync>g__Awaited|17_0(ResourceInvoker invoker, Task task, IDisposable scope)
   at Microsoft.AspNetCore.Routing.EndpointMiddleware.<Invoke>g__AwaitRequestTask|6_0(Endpoint endpoint, Task requestTask, ILogger logger)
   at Microsoft.AspNetCore.Authorization.AuthorizationMiddleware.Invoke(HttpContext context)
   at Swashbuckle.AspNetCore.SwaggerUI.SwaggerUIMiddleware.Invoke(HttpContext httpContext)
   at Swashbuckle.AspNetCore.Swagger.SwaggerMiddleware.Invoke(HttpContext httpContext, ISwaggerProvider swaggerProvider)
   at Microsoft.AspNetCore.Diagnostics.DeveloperExceptionPageMiddleware.Invoke(HttpContext context)

2023-07-08 17:04:10.342 +05:30  INF  RestaurentController GetRestaurentInformation Function entered
2023-07-08 17:04:10.362 +05:30  INF  RestaurentController  GetRestaurentInformation Function exited
2023-07-08 17:06:43.100 +05:30  INF  RestaurentController GetRestaurentInformation Function entered
2023-07-08 17:06:43.111 +05:30  INF  RestaurentController  GetRestaurentInformation Function exited
2023-07-08 17:07:07.754 +05:30  INF  RestaurentController GetRestaurentInformation Function entered
2023-07-08 17:07:07.768 +05:30  INF  RestaurentController  GetRestaurentInformation Function exited
2023-07-08 17:07:20.146 +05:30  INF  RestaurentController GetRestaurentInformation Function entered
2023-07-08 17:07:20.169 +05:30  INF  RestaurentController  GetRestaurentInformation Function exited
2023-07-08 17:09:45.385 +05:30  INF  RestaurentController GetRestaurentInformation Function entered
2023-07-08 17:09:45.414 +05:30  INF  RestaurentController  GetRestaurentInformation Function exited
2023-07-08 17:09:49.974 +05:30  INF  RestaurentController GetRestaurentInformation Function entered
2023-07-08 17:09:50.015 +05:30  INF  RestaurentController  GetRestaurentInformation Function exited
2023-07-08 17:10:16.594 +05:30  INF  RestaurentController GetRestaurentInformation Function entered
2023-07-08 17:10:16.610 +05:30  INF  RestaurentController  GetRestaurentInformation Function exited
2023-07-08 17:12:35.788 +05:30  INF  RestaurentController GetRestaurentInformation Function entered
2023-07-08 17:12:35.802 +05:30  INF  RestaurentController  GetRestaurentInformation Function exited
2023-07-08 17:12:39.792 +05:30  INF  RestaurentController GetRestaurentInformation Function entered
2023-07-08 17:12:39.816 +05:30  INF  RestaurentController  GetRestaurentInformation Function exited
2023-07-08 17:19:10.410 +05:30  INF  RestaurentController GetRestaurentInformation Function entered
2023-07-08 17:19:10.419 +05:30  INF  RestaurentController  GetRestaurentInformation Function exited
2023-07-08 17:19:26.777 +05:30  INF  RestaurentController GetRestaurentInformation Function entered
2023-07-08 17:19:26.787 +05:30  INF  RestaurentController  GetRestaurentInformation Function exited
2023-07-08 17:21:12.571 +05:30  INF  RestaurentController GetRestaurentInformation Function entered
2023-07-08 17:21:12.599 +05:30  INF  RestaurentController  GetRestaurentInformation Function exited
2023-07-08 17:21:13.018 +05:30  INF  RestaurentController GetRestaurentInformation Function entered
2023-07-08 17:21:13.030 +05:30  INF  RestaurentController  GetRestaurentInformation Function exited
2023-07-08 17:21:45.107 +05:30  INF  RestaurentController GetRestaurentInformation Function entered
2023-07-08 17:21:45.122 +05:30  INF  RestaurentController  GetRestaurentInformation Function exited
2023-07-08 17:21:45.418 +05:30  INF  RestaurentController GetRestaurentInformation Function entered
2023-07-08 17:21:45.428 +05:30  INF  RestaurentController  GetRestaurentInformation Function exited
2023-07-08 17:40:01.112 +05:30  INF  Now listening on: https://localhost:7234
2023-07-08 17:40:01.134 +05:30  INF  Now listening on: http://localhost:5234
2023-07-08 17:40:01.137 +05:30  INF  Application started. Press Ctrl+C to shut down.
2023-07-08 17:40:01.137 +05:30  INF  Hosting environment: Development
2023-07-08 17:40:01.138 +05:30  INF  Content root path: C:\D Drive\pradheep project\angular projects\github\Food-App-Api\foodDeliveryApi\
2023-07-08 17:41:01.328 +05:30  INF  RestaurentController GetRestaurentInformation Function entered
2023-07-08 17:41:01.328 +05:30  INF  RestaurentController GetRestaurentInformation Function entered
2023-07-08 17:41:01.733 +05:30  INF  RestaurentController  GetRestaurentInformation Function exited
2023-07-08 17:41:01.741 +05:30  INF  RestaurentController  GetRestaurentInformation Function exited
2023-07-08 17:41:03.370 +05:30  INF  RestaurentController GetRestaurentInformation Function entered
2023-07-08 17:41:03.382 +05:30  INF  RestaurentController  GetRestaurentInformation Function exited
2023-07-08 17:41:03.390 +05:30  INF  RestaurentController GetRestaurentInformation Function entered
2023-07-08 17:41:03.408 +05:30  INF  RestaurentController  GetRestaurentInformation Function exited
2023-07-08 17:41:08.322 +05:30  INF  RestaurentController GetRestaurentInformation Function entered
2023-07-08 17:41:08.335 +05:30  INF  RestaurentController  GetRestaurentInformation Function exited
2023-07-08 17:43:01.312 +05:30  INF  RestaurentController GetRestaurentInformation Function entered
2023-07-08 17:43:01.445 +05:30  INF  RestaurentController  GetRestaurentInformation Function exited
2023-07-08 17:43:34.294 +05:30  INF  Now listening on: https://localhost:7234
2023-07-08 17:43:34.319 +05:30  INF  Now listening on: http://localhost:5234
2023-07-08 17:43:34.322 +05:30  INF  Application started. Press Ctrl+C to shut down.
2023-07-08 17:43:34.322 +05:30  INF  Hosting environment: Development
2023-07-08 17:43:34.322 +05:30  INF  Content root path: C:\D Drive\pradheep project\angular projects\github\Food-App-Api\foodDeliveryApi\
2023-07-08 17:44:52.150 +05:30  INF  RestaurentController GetRestaurentInformation Function entered
2023-07-08 17:44:52.280 +05:30  INF  RestaurentController  GetRestaurentInformation Function exited
2023-07-08 17:45:05.833 +05:30  INF  RestaurentController GetRestaurentInformation Function entered
2023-07-08 17:45:05.968 +05:30  INF  RestaurentController  GetRestaurentInformation Function exited
2023-07-08 17:47:49.547 +05:30  INF  RestaurentController GetRestaurentInformation Function entered
2023-07-08 17:47:49.627 +05:30  INF  RestaurentController  GetRestaurentInformation Function exited
2023-07-08 17:48:06.433 +05:30  INF  RestaurentController GetRestaurentInformation Function entered
2023-07-08 17:48:06.587 +05:30  INF  RestaurentController  GetRestaurentInformation Function exited
2023-07-08 17:48:08.491 +05:30  INF  RestaurentController GetRestaurentInformation Function entered
2023-07-08 17:48:08.571 +05:30  INF  RestaurentController  GetRestaurentInformation Function exited
2023-07-08 17:48:18.643 +05:30  INF  RestaurentController GetRestaurentInformation Function entered
2023-07-08 17:48:18.668 +05:30  INF  RestaurentController  GetRestaurentInformation Function exited
2023-07-08 17:49:11.633 +05:30  INF  RestaurentController GetRestaurentInformation Function entered
2023-07-08 17:49:11.842 +05:30  INF  RestaurentController  GetRestaurentInformation Function exited
2023-07-08 17:49:11.874 +05:30  INF  RestaurentController GetRestaurentInformation Function entered
2023-07-08 17:49:11.943 +05:30  INF  RestaurentController  GetRestaurentInformation Function exited
2023-07-08 17:49:40.268 +05:30  INF  RestaurentController GetRestaurentInformation Function entered
2023-07-08 17:49:40.428 +05:30  INF  RestaurentController  GetRestaurentInformation Function exited
